This is TeX, Version 3.14159 (Web2c 7.3.7x) (format=latex 2006.11.20)  18 SEP 2010 01:49
**adv1.tex
(./adv1.tex
LaTeX2e <2001/06/01>
Loading CZ hyphenation patterns: Pavel Sevecek, v3, 1995
Loading SK hyphenation patterns: Jana Chlebikova, 1992
Babel <v3.7h> and hyphenation patterns for english, dumylang, nohyphenation, cz
ech, slovak, german, ngerman, spanish, catalan, french, ukenglish, italian, dut
ch, polish, portuguese, russian, loaded.
(c:/Program Files/TeXLive/texmf/tex/latex/base/article.cls
Document Class: article 2001/04/21 v1.4e Standard LaTeX document class
(c:/Program Files/TeXLive/texmf/tex/latex/base/size12.clo
File: size12.clo 2001/04/21 v1.4e Standard LaTeX file (size option)
)
\c@part=\count79
\c@section=\count80
\c@subsection=\count81
\c@subsubsection=\count82
\c@paragraph=\count83
\c@subparagraph=\count84
\c@figure=\count85
\c@table=\count86
\abovecaptionskip=\skip41
\belowcaptionskip=\skip42
\bibindent=\dimen102
)
(c:/Program Files/TeXLive/texmf/tex/latex/amslatex/amsmath.sty
Package: amsmath 2000/07/18 v2.13 AMS math features
\@mathmargin=\skip43

For additional information on amsmath, use the `?' option.
(c:/Program Files/TeXLive/texmf/tex/latex/amslatex/amstext.sty
Package: amstext 2000/06/29 v2.01

(c:/Program Files/TeXLive/texmf/tex/latex/amslatex/amsgen.sty
File: amsgen.sty 1999/11/30 v2.0
\@emptytoks=\toks14
\ex@=\dimen103
))
(c:/Program Files/TeXLive/texmf/tex/latex/amslatex/amsbsy.sty
Package: amsbsy 1999/11/29 v1.2d
\pmbraise@=\dimen104
)
(c:/Program Files/TeXLive/texmf/tex/latex/amslatex/amsopn.sty
Package: amsopn 1999/12/14 v2.01 operator names
)
\inf@bad=\count87
LaTeX Info: Redefining \frac on input line 211.
\uproot@=\count88
\leftroot@=\count89
LaTeX Info: Redefining \overline on input line 307.
\classnum@=\count90
\DOTSCASE@=\count91
LaTeX Info: Redefining \ldots on input line 379.
LaTeX Info: Redefining \dots on input line 382.
LaTeX Info: Redefining \cdots on input line 467.
\Mathstrutbox@=\box26
\strutbox@=\box27
\big@size=\dimen105
LaTeX Font Info:    Redeclaring font encoding OML on input line 567.
LaTeX Font Info:    Redeclaring font encoding OMS on input line 568.
\macc@depth=\count92
\c@MaxMatrixCols=\count93
\dotsspace@=\muskip10
\c@parentequation=\count94
\dspbrk@lvl=\count95
\tag@help=\toks15
\row@=\count96
\column@=\count97
\maxfields@=\count98
\andhelp@=\toks16
\eqnshift@=\dimen106
\alignsep@=\dimen107
\tagshift@=\dimen108
\tagwidth@=\dimen109
\totwidth@=\dimen110
\lineht@=\dimen111
\@envbody=\toks17
\multlinegap=\skip44
\multlinetaggap=\skip45
\mathdisplay@stack=\toks18
LaTeX Info: Redefining \[ on input line 2666.
LaTeX Info: Redefining \] on input line 2667.
)
(c:/Program Files/TeXLive/texmf/tex/latex/amslatex/amsthm.sty
Package: amsthm 2000/10/26 v2.08
\thm@style=\toks19
\thm@bodyfont=\toks20
\thm@headfont=\toks21
\thm@notefont=\toks22
\thm@headpunct=\toks23
\thm@preskip=\skip46
\thm@postskip=\skip47
\thm@headsep=\skip48
\dth@everypar=\toks24
)
(c:/Program Files/TeXLive/texmf/tex/latex/amsfonts/amssymb.sty
Package: amssymb 2002/01/22 v2.2d

(c:/Program Files/TeXLive/texmf/tex/latex/amsfonts/amsfonts.sty
Package: amsfonts 2001/10/25 v2.2f
\symAMSa=\mathgroup4
\symAMSb=\mathgroup5
LaTeX Font Info:    Overwriting math alphabet `\mathfrak' in version `bold'
(Font)                  U/euf/m/n --> U/euf/b/n on input line 132.
))
(c:/Program Files/TeXLive/texmf-local/tex/latex/cite.sty
Package: cite 1999/04/23  v 3.8
)
(c:/Program Files/TeXLive/texmf-local/tex/latex/url.sty
Package: url 1996/10/19  ver 1.2  Verb mode for urls, email addresses, and file
 names
)
(c:/Program Files/TeXLive/texmf/tex/latex/amslatex/amscd.sty
Package: amscd 1999/11/29 v2.0
\athelp@=\toks25
\minaw@=\dimen112
\bigaw@=\dimen113
\minCDarrowwidth=\dimen114
)
(c:/Program Files/TeXLive/texmf/tex/latex/eepic/eepic.sty
Extension to Epic and LaTeX. Version 1.1e - Released Dec 21, 1999
\@gphlinewidth=\count99
\@eepictcnt=\count100
\@tempdimc=\dimen115
\maxovaldiam=\dimen116
\@filltype=\box28
) (c:/Program Files/TeXLive/texmf/tex/latex/graphics/color.sty
Package: color 1999/02/16 v1.0i Standard LaTeX Color (DPC)

(c:/Program Files/TeXLive/texmf/tex/latex/texlive/color.cfg
File: color.cfg 2001/08/31 v1.1 color configuration of teTeX/TeXLive
)
Package color Info: Driver file: dvips.def on input line 125.

(c:/Program Files/TeXLive/texmf/tex/latex/graphics/dvips.def
File: dvips.def 1999/02/16 v3.0i Driver-dependant file (DPC,SPQR)
)
(c:/Program Files/TeXLive/texmf/tex/latex/graphics/dvipsnam.def
File: dvipsnam.def 1999/02/16 v3.0i Driver-dependant file (DPC,SPQR)
))
(c:/Program Files/TeXLive/texmf/tex/latex/amsfonts/eucal.sty
Package: eucal 2001/10/01 v2.2d Euler Script fonts
LaTeX Font Info:    Overwriting math alphabet `\EuScript' in version `bold'
(Font)                  U/eus/m/n --> U/eus/b/n on input line 55.
)
(c:/Program Files/TeXLive/texmf/tex/latex/psnfss/times.sty
Package: times 2002/04/24 PSNFSS-v9.0 (SPQR) 
)
(c:/Program Files/TeXLive/texmf/tex/latex/tools/enumerate.sty
Package: enumerate 1999/03/05 v3.00 enumerate extensions (DPC)
\@enLab=\toks26
)
\c@Thm=\count101
\c@Def=\count102
\c@Rmk=\count103
\c@Problem=\count104
\symrsfscript=\mathgroup6
 (./adv1.aux)
\openout1 = `adv1.aux'.

LaTeX Font Info:    Checking defaults for OML/cmm/m/it on input line 181.
LaTeX Font Info:    ... okay on input line 181.
LaTeX Font Info:    Checking defaults for T1/cmr/m/n on input line 181.
LaTeX Font Info:    ... okay on input line 181.
LaTeX Font Info:    Checking defaults for OT1/cmr/m/n on input line 181.
LaTeX Font Info:    ... okay on input line 181.
LaTeX Font Info:    Checking defaults for OMS/cmsy/m/n on input line 181.
LaTeX Font Info:    ... okay on input line 181.
LaTeX Font Info:    Checking defaults for OMX/cmex/m/n on input line 181.
LaTeX Font Info:    ... okay on input line 181.
LaTeX Font Info:    Checking defaults for U/cmr/m/n on input line 181.
LaTeX Font Info:    ... okay on input line 181.
LaTeX Font Info:    Try loading font information for OT1+ptm on input line 181.


(c:/Program Files/TeXLive/texmf/tex/latex/psnfss/ot1ptm.fd
File: ot1ptm.fd 2000/01/12 PSNFSS-v8.1 font definitions for OT1/ptm.
)
LaTeX Font Info:    Try loading font information for U+msa on input line 199.

(c:/Program Files/TeXLive/texmf/tex/latex/amsfonts/umsa.fd
File: umsa.fd 2002/01/19 v2.2g AMS font definitions
)
LaTeX Font Info:    Try loading font information for U+msb on input line 199.

(c:/Program Files/TeXLive/texmf/tex/latex/amsfonts/umsb.fd
File: umsb.fd 2002/01/19 v2.2g AMS font definitions
)
LaTeX Font Info:    Try loading font information for OMS+rsfs on input line 199
.

(c:/Program Files/TeXLive/texmf/tex/latex/calrsfs/omsrsfs.fd)
LaTeX Font Info:    Font shape `OT1/ptm/bx/n' in size <10.95> not available
(Font)              Font shape `OT1/ptm/b/n' tried instead on input line 212.
LaTeX Font Info:    Font shape `OT1/ptm/bx/n' in size <17.28> not available
(Font)              Font shape `OT1/ptm/b/n' tried instead on input line 222.
 [1

]
LaTeX Font Info:    Font shape `OT1/ptm/bx/n' in size <12> not available
(Font)              Font shape `OT1/ptm/b/n' tried instead on input line 270.
LaTeX Font Info:    Try loading font information for OMS+ptm on input line 272.


(c:/Program Files/TeXLive/texmf/tex/latex/psnfss/omsptm.fd
File: omsptm.fd 
)
LaTeX Font Info:    Font shape `OMS/ptm/m/it' in size <12> not available
(Font)              Font shape `OMS/cmsy/m/n' tried instead on input line 272.
LaTeX Font Info:    Font shape `OT1/ptm/bx/n' in size <14.4> not available
(Font)              Font shape `OT1/ptm/b/n' tried instead on input line 292.
 [2]
Underfull \hbox (badness 1072) in paragraph at lines 300--311
[]\OT1/ptm/m/n/12 A non-empty set $\OML/cmm/m/it/12 A$ \OT1/ptm/m/n/12 en-dowed
 with op-er-a-tions $\OML/cmm/m/it/12 f[] \OT1/cmr/m/n/12 : [] \OMS/cmsy/m/n/12
 ! \OML/cmm/m/it/12 A$\OT1/ptm/m/n/12 ,
 []

LaTeX Font Info:    Font shape `OMS/ptm/m/n' in size <12> not available
(Font)              Font shape `OMS/cmsy/m/n' tried instead on input line 316.
LaTeX Font Info:    Try loading font information for U+eus on input line 322.
(c:/Program Files/TeXLive/texmf/tex/latex/amsfonts/ueus.fd
File: ueus.fd 2002/01/19 v2.2g AMS font definitions
) [3] [4] [5]
Overfull \hbox (10.66788pt too wide) detected at line 517
\OT1/ptm/m/it/12 or
 []

[6] [7] [8] [9]
Overfull \hbox (64.05396pt too wide) in paragraph at lines 761--803
\OT1/ptm/m/n/12 columns of $\OML/cmm/m/it/12 M$ \OT1/ptm/m/n/12 are iden-ti-cal
 and equal to the trans-pose of the row $\OT1/cmr/m/n/12 (1\OML/cmm/m/it/12 ; \
OT1/cmr/m/n/12 2\OML/cmm/m/it/12 ; [] ; r; \OT1/cmr/m/n/12 1\OML/cmm/m/it/12 ; 
\OT1/cmr/m/n/12 2\OML/cmm/m/it/12 ; [] ; r; [] ; \OT1/cmr/m/n/12 1\OML/cmm/m/it
/12 ; \OT1/cmr/m/n/12 2\OML/cmm/m/it/12 ; [] ; r\OT1/cmr/m/n/12 )$
 []

[10] [11]
LaTeX Font Info:    Font shape `OT1/ptm/bx/it' in size <12> not available
(Font)              Font shape `OT1/ptm/b/it' tried instead on input line 859.
 [12] [13] [14] [15] [16] [17] [18] [19]
Overfull \hbox (25.16167pt too wide) in paragraph at lines 1331--1335
\OT1/ptm/m/n/12 iden-ti-ties in-volv-ing both these operations---namely, Propo-
si-tion 3.2[] im-plies that $\OMS/cmsy/m/n/12 h\OT1/cmr/m/n/12 M[](\U/eus/m/n/1
2 K\OT1/cmr/m/n/12 )\OML/cmm/m/it/12 ; \OMS/cmsy/m/n/12 ^^A\OML/cmm/m/it/12 ; [
][]; [][]\OMS/cmsy/m/n/12 i$
 []

[20] [21] [22]
Overfull \hbox (14.0291pt too wide) in paragraph at lines 1458--1460
[]\OT1/ptm/b/n/12 Theorem 3.7. []\OT1/ptm/m/it/12 For each $\OML/cmm/m/it/12 n 
\OMS/cmsy/m/n/12 ^^U \OT1/cmr/m/n/12 3$ \OT1/ptm/m/it/12 and each fi-nite field
 $\U/eus/m/n/12 K$\OT1/ptm/m/it/12 , the in-vo-lu-tory semi-group $\OMS/cmsy/m/
n/12 h\OT1/cmr/m/n/12 M[](\U/eus/m/n/12 K\OT1/cmr/m/n/12 )\OML/cmm/m/it/12 ; \O
MS/cmsy/m/n/12 ^^A\OML/cmm/m/it/12 ; [][]\OMS/cmsy/m/n/12 i$
 []


Overfull \hbox (15.32666pt too wide) in paragraph at lines 1499--1502
[]\OT1/ptm/m/n/12 The only as-ser-tion of this the-o-rem not cov-ered by pre-vi
-ous re-sults is that $\OMS/cmsy/m/n/12 h\OT1/cmr/m/n/12 M[](\U/eus/m/n/12 K\OT
1/cmr/m/n/12 )\OML/cmm/m/it/12 ; \OMS/cmsy/m/n/12 ^^A\OML/cmm/m/it/12 ; [][]\OM
S/cmsy/m/n/12 i$
 []

[23] [24]
Overfull \hbox (2.61443pt too wide) in paragraph at lines 1566--1570
\OT1/ptm/m/n/12 The set $\OML/cmm/m/it/12 T$ \OT1/ptm/m/n/12 is closed un-der m
ul-ti-pli-ca-tion and sym-plec-tic trans-po-si-tion whence $\U/eus/m/n/12 T \OT
1/cmr/m/n/12 = []$
 []

[25] [26] [27]
LaTeX Font Info:    Font shape `OT1/ptm/bx/n' in size <10> not available
(Font)              Font shape `OT1/ptm/b/n' tried instead on input line 1752.
Missing character: There is no – in font ptmr7t!
 [28]
Missing character: There is no – in font ptmr7t!
Missing character: There is no ’ in font ptmr7t!
Missing character: There is no ’ in font ptmr7t!
 [29]
LaTeX Font Info:    Try loading font information for OT1+pcr on input line 1935
.

(c:/Program Files/TeXLive/texmf/tex/latex/psnfss/ot1pcr.fd
File: ot1pcr.fd 2000/01/12 PSNFSS-v8.1 font definitions for OT1/pcr.
) [30] (./adv1.aux) ) 
Here is how much of TeX's memory you used:
 2161 strings out of 50491
 25346 string characters out of 1189754
 83886 words of memory out of 1500001
 5071 multiletter control sequences out of 10000+15000
 30382 words of font info for 101 fonts, out of 400000 for 1000
 288 hyphenation exceptions out of 1000
 27i,16n,24p,217b,387s stack positions out of 1500i,500n,1500p,200000b,5000s

Output written on adv1.dvi (30 pages, 160060 bytes).
