This is pdfTeX, Version 3.1415926-1.40.10 (MiKTeX 2.8) (preloaded format=latex 2010.9.11)  18 SEP 2010 12:50
entering extended mode
**adv1.tex
("D:\TeX Files\ADV Project\adv1\adv1.tex"
LaTeX2e <2009/09/24>
Babel <v3.8l> and hyphenation patterns for english, dumylang, nohyphenation, ge
rman, ngerman, german-x-2009-06-19, ngerman-x-2009-06-19, french, loaded.
("C:\Program Files\MiKTeX 2.8\tex\latex\base\article.cls"
Document Class: article 2007/10/19 v1.4h Standard LaTeX document class
("C:\Program Files\MiKTeX 2.8\tex\latex\base\size12.clo"
File: size12.clo 2007/10/19 v1.4h Standard LaTeX file (size option)
)
\c@part=\count79
\c@section=\count80
\c@subsection=\count81
\c@subsubsection=\count82
\c@paragraph=\count83
\c@subparagraph=\count84
\c@figure=\count85
\c@table=\count86
\abovecaptionskip=\skip41
\belowcaptionskip=\skip42
\bibindent=\dimen102
)
("C:\Program Files\MiKTeX 2.8\tex\latex\ams\math\amsmath.sty"
Package: amsmath 2000/07/18 v2.13 AMS math features
\@mathmargin=\skip43

For additional information on amsmath, use the `?' option.
("C:\Program Files\MiKTeX 2.8\tex\latex\ams\math\amstext.sty"
Package: amstext 2000/06/29 v2.01

("C:\Program Files\MiKTeX 2.8\tex\latex\ams\math\amsgen.sty"
File: amsgen.sty 1999/11/30 v2.0
\@emptytoks=\toks14
\ex@=\dimen103
))
("C:\Program Files\MiKTeX 2.8\tex\latex\ams\math\amsbsy.sty"
Package: amsbsy 1999/11/29 v1.2d
\pmbraise@=\dimen104
)
("C:\Program Files\MiKTeX 2.8\tex\latex\ams\math\amsopn.sty"
Package: amsopn 1999/12/14 v2.01 operator names
)
\inf@bad=\count87
LaTeX Info: Redefining \frac on input line 211.
\uproot@=\count88
\leftroot@=\count89
LaTeX Info: Redefining \overline on input line 307.
\classnum@=\count90
\DOTSCASE@=\count91
LaTeX Info: Redefining \ldots on input line 379.
LaTeX Info: Redefining \dots on input line 382.
LaTeX Info: Redefining \cdots on input line 467.
\Mathstrutbox@=\box26
\strutbox@=\box27
\big@size=\dimen105
LaTeX Font Info:    Redeclaring font encoding OML on input line 567.
LaTeX Font Info:    Redeclaring font encoding OMS on input line 568.
\macc@depth=\count92
\c@MaxMatrixCols=\count93
\dotsspace@=\muskip10
\c@parentequation=\count94
\dspbrk@lvl=\count95
\tag@help=\toks15
\row@=\count96
\column@=\count97
\maxfields@=\count98
\andhelp@=\toks16
\eqnshift@=\dimen106
\alignsep@=\dimen107
\tagshift@=\dimen108
\tagwidth@=\dimen109
\totwidth@=\dimen110
\lineht@=\dimen111
\@envbody=\toks17
\multlinegap=\skip44
\multlinetaggap=\skip45
\mathdisplay@stack=\toks18
LaTeX Info: Redefining \[ on input line 2666.
LaTeX Info: Redefining \] on input line 2667.
)
("C:\Program Files\MiKTeX 2.8\tex\latex\ams\classes\amsthm.sty"
Package: amsthm 2004/08/06 v2.20
\thm@style=\toks19
\thm@bodyfont=\toks20
\thm@headfont=\toks21
\thm@notefont=\toks22
\thm@headpunct=\toks23
\thm@preskip=\skip46
\thm@postskip=\skip47
\thm@headsep=\skip48
\dth@everypar=\toks24
)
("C:\Program Files\MiKTeX 2.8\tex\latex\amsfonts\amssymb.sty"
Package: amssymb 2009/06/22 v3.00

("C:\Program Files\MiKTeX 2.8\tex\latex\amsfonts\amsfonts.sty"
Package: amsfonts 2009/06/22 v3.00 Basic AMSFonts support
\symAMSa=\mathgroup4
\symAMSb=\mathgroup5
LaTeX Font Info:    Overwriting math alphabet `\mathfrak' in version `bold'
(Font)                  U/euf/m/n --> U/euf/b/n on input line 96.
))
("C:\Documents and Settings\Igor\Application Data\MiKTeX\2.8\tex\latex\cite\cit
e.sty"
LaTeX Info: Redefining \cite on input line 285.
LaTeX Info: Redefining \nocite on input line 356.
Package: cite 2009/08/29  v 5.2
) ("C:\Program Files\MiKTeX 2.8\tex\latex\ltxmisc\url.sty"
\Urlmuskip=\muskip11
Package: url 2006/04/12  ver 3.3  Verb mode for urls, etc.
)
("C:\Program Files\MiKTeX 2.8\tex\latex\ams\math\amscd.sty"
Package: amscd 1999/11/29 v2.0
\athelp@=\toks25
\minaw@=\dimen112
\bigaw@=\dimen113
\minCDarrowwidth=\dimen114
)
("C:\Documents and Settings\Igor\Application Data\MiKTeX\2.8\tex\latex\eepic\ee
pic.sty"
Extension to Epic and LaTeX. Version 1.1e - Released Dec 21, 1999
\@gphlinewidth=\count99
\@eepictcnt=\count100
\@tempdimc=\dimen115
\maxovaldiam=\dimen116
\@filltype=\box28
) ("C:\Program Files\MiKTeX 2.8\tex\latex\graphics\color.sty"
Package: color 2005/11/14 v1.0j Standard LaTeX Color (DPC)

("C:\Program Files\MiKTeX 2.8\tex\latex\00miktex\color.cfg"
File: color.cfg 2007/01/18 v1.5 color configuration of teTeX/TeXLive
)
Package color Info: Driver file: dvips.def on input line 130.

("C:\Program Files\MiKTeX 2.8\tex\latex\graphics\dvips.def"
File: dvips.def 1999/02/16 v3.0i Driver-dependant file (DPC,SPQR)
)
("C:\Program Files\MiKTeX 2.8\tex\latex\graphics\dvipsnam.def"
File: dvipsnam.def 1999/02/16 v3.0i Driver-dependant file (DPC,SPQR)
))
("C:\Program Files\MiKTeX 2.8\tex\latex\amsfonts\eucal.sty"
Package: eucal 2009/06/22 v3.00 Euler Script fonts
LaTeX Font Info:    Overwriting math alphabet `\EuScript' in version `bold'
(Font)                  U/eus/m/n --> U/eus/b/n on input line 33.
)
("C:\Program Files\MiKTeX 2.8\tex\latex\psnfss\times.sty"
Package: times 2005/04/12 PSNFSS-v9.2a (SPQR) 
)
("C:\Program Files\MiKTeX 2.8\tex\latex\tools\enumerate.sty"
Package: enumerate 1999/03/05 v3.00 enumerate extensions (DPC)
\@enLab=\toks26
)
\c@Thm=\count101
\c@Def=\count102
\c@Rmk=\count103
\c@Problem=\count104
\symrsfscript=\mathgroup6

("D:\TeX Files\ADV Project\adv1\adv1.aux")
LaTeX Font Info:    Checking defaults for OML/cmm/m/it on input line 181.
LaTeX Font Info:    ... okay on input line 181.
LaTeX Font Info:    Checking defaults for T1/cmr/m/n on input line 181.
LaTeX Font Info:    ... okay on input line 181.
LaTeX Font Info:    Checking defaults for OT1/cmr/m/n on input line 181.
LaTeX Font Info:    ... okay on input line 181.
LaTeX Font Info:    Checking defaults for OMS/cmsy/m/n on input line 181.
LaTeX Font Info:    ... okay on input line 181.
LaTeX Font Info:    Checking defaults for OMX/cmex/m/n on input line 181.
LaTeX Font Info:    ... okay on input line 181.
LaTeX Font Info:    Checking defaults for U/cmr/m/n on input line 181.
LaTeX Font Info:    ... okay on input line 181.
LaTeX Font Info:    Try loading font information for OT1+ptm on input line 181.


("C:\Program Files\MiKTeX 2.8\tex\latex\psnfss\ot1ptm.fd"
File: ot1ptm.fd 2001/06/04 font definitions for OT1/ptm.
)
LaTeX Font Info:    Try loading font information for U+msa on input line 199.

("C:\Program Files\MiKTeX 2.8\tex\latex\amsfonts\umsa.fd"
File: umsa.fd 2009/06/22 v3.00 AMS symbols A
)
LaTeX Font Info:    Try loading font information for U+msb on input line 199.

("C:\Program Files\MiKTeX 2.8\tex\latex\amsfonts\umsb.fd"
File: umsb.fd 2009/06/22 v3.00 AMS symbols B
)
LaTeX Font Info:    Try loading font information for OMS+rsfs on input line 199
.

("C:\Documents and Settings\Igor\Application Data\MiKTeX\2.8\tex\latex\calrsfs\
omsrsfs.fd")
LaTeX Font Info:    Font shape `OT1/ptm/bx/n' in size <10.95> not available
(Font)              Font shape `OT1/ptm/b/n' tried instead on input line 212.
LaTeX Font Info:    Font shape `OT1/ptm/bx/n' in size <17.28> not available
(Font)              Font shape `OT1/ptm/b/n' tried instead on input line 222.
 [1

]
LaTeX Font Info:    Font shape `OT1/ptm/bx/n' in size <12> not available
(Font)              Font shape `OT1/ptm/b/n' tried instead on input line 270.
LaTeX Font Info:    Try loading font information for OMS+ptm on input line 272.

 ("C:\Program Files\MiKTeX 2.8\tex\latex\psnfss\omsptm.fd"
File: omsptm.fd 
)
LaTeX Font Info:    Font shape `OMS/ptm/m/it' in size <12> not available
(Font)              Font shape `OMS/cmsy/m/n' tried instead on input line 272.
LaTeX Font Info:    Font shape `OT1/ptm/bx/n' in size <14.4> not available
(Font)              Font shape `OT1/ptm/b/n' tried instead on input line 292.

[2]
Underfull \hbox (badness 1072) in paragraph at lines 300--311
[][]\OT1/ptm/m/n/12 A non-empty set $\OML/cmm/m/it/12 A$ \OT1/ptm/m/n/12 en-dow
ed with op-er-a-tions $\OML/cmm/m/it/12 f[] \OT1/cmr/m/n/12 : [] \OMS/cmsy/m/n/
12 ! \OML/cmm/m/it/12 A$\OT1/ptm/m/n/12 ,
 []

LaTeX Font Info:    Font shape `OMS/ptm/m/n' in size <12> not available
(Font)              Font shape `OMS/cmsy/m/n' tried instead on input line 316.
LaTeX Font Info:    Try loading font information for U+eus on input line 322.
("C:\Program Files\MiKTeX 2.8\tex\latex\amsfonts\ueus.fd"
File: ueus.fd 2009/06/22 v3.00 Euler Script
) [3] [4] [5]
Overfull \hbox (10.66788pt too wide) detected at line 512
\OT1/ptm/m/it/12 or
 []

[6] [7] [8] [9]
Overfull \hbox (64.05396pt too wide) in paragraph at lines 756--798
\OT1/ptm/m/n/12 columns of $\OML/cmm/m/it/12 M$ \OT1/ptm/m/n/12 are iden-ti-cal
 and equal to the trans-pose of the row $\OT1/cmr/m/n/12 (1\OML/cmm/m/it/12 ; \
OT1/cmr/m/n/12 2\OML/cmm/m/it/12 ; [] ; r; \OT1/cmr/m/n/12 1\OML/cmm/m/it/12 ; 
\OT1/cmr/m/n/12 2\OML/cmm/m/it/12 ; [] ; r; [] ; \OT1/cmr/m/n/12 1\OML/cmm/m/it
/12 ; \OT1/cmr/m/n/12 2\OML/cmm/m/it/12 ; [] ; r\OT1/cmr/m/n/12 )$
 []

[10] [11]
LaTeX Font Info:    Font shape `OT1/ptm/bx/it' in size <12> not available
(Font)              Font shape `OT1/ptm/b/it' tried instead on input line 854.
 [12] [13] [14] [15] [16] [17] [18] [19]
Overfull \hbox (25.16167pt too wide) in paragraph at lines 1326--1330
\OT1/ptm/m/n/12 iden-ti-ties in-volv-ing both these operations---namely, Propo-
si-tion 3.2[] im-plies that $\OMS/cmsy/m/n/12 h\OT1/cmr/m/n/12 M[](\U/eus/m/n/1
2 K\OT1/cmr/m/n/12 )\OML/cmm/m/it/12 ; \OMS/cmsy/m/n/12 \OML/cmm/m/it/12 ; [][
]; [][]\OMS/cmsy/m/n/12 i$
 []

[20] [21] [22]
Overfull \hbox (14.0291pt too wide) in paragraph at lines 1453--1455
[]\OT1/ptm/b/n/12 Theorem 3.7. [][]\OT1/ptm/m/it/12 For each $\OML/cmm/m/it/12 
n \OMS/cmsy/m/n/12  \OT1/cmr/m/n/12 3$ \OT1/ptm/m/it/12 and each fi-nite field
 $\U/eus/m/n/12 K$\OT1/ptm/m/it/12 , the in-vo-lu-tory semi-group $\OMS/cmsy/m/
n/12 h\OT1/cmr/m/n/12 M[](\U/eus/m/n/12 K\OT1/cmr/m/n/12 )\OML/cmm/m/it/12 ; \O
MS/cmsy/m/n/12 \OML/cmm/m/it/12 ; [][]\OMS/cmsy/m/n/12 i$
 []


Overfull \hbox (15.50655pt too wide) in paragraph at lines 1494--1497
[][]\OT1/ptm/m/n/12 The only as-ser-tion of this the-o-rem not cov-ered by pre-
vi-ous re-sults is that $\OMS/cmsy/m/n/12 h\OT1/cmr/m/n/12 M[](\U/eus/m/n/12 K\
OT1/cmr/m/n/12 )\OML/cmm/m/it/12 ; \OMS/cmsy/m/n/12 \OML/cmm/m/it/12 ; [][]\OM
S/cmsy/m/n/12 i$
 []

[23] [24]
Overfull \hbox (2.61443pt too wide) in paragraph at lines 1561--1565
[]\OT1/ptm/m/n/12 The set $\OML/cmm/m/it/12 T$ \OT1/ptm/m/n/12 is closed un-der
 mul-ti-pli-ca-tion and sym-plec-tic trans-po-si-tion whence $\U/eus/m/n/12 T \
OT1/cmr/m/n/12 = []$
 []

[25] [26] [27]
LaTeX Font Info:    Font shape `OT1/ptm/bx/n' in size <10> not available
(Font)              Font shape `OT1/ptm/b/n' tried instead on input line 1747.
Missing character: There is no – in font ptmr7t!
 [28]
Missing character: There is no – in font ptmr7t!
Missing character: There is no ’ in font ptmr7t!
Missing character: There is no ’ in font ptmr7t!
 [29]
LaTeX Font Info:    Try loading font information for OT1+pcr on input line 1930
.

("C:\Program Files\MiKTeX 2.8\tex\latex\psnfss\ot1pcr.fd"
File: ot1pcr.fd 2001/06/04 font definitions for OT1/pcr.
) [30]
("D:\TeX Files\ADV Project\adv1\adv1.aux") ) 
Here is how much of TeX's memory you used:
 2249 strings out of 495270
 26700 string characters out of 3180136
 92830 words of memory out of 3000000
 5429 multiletter control sequences out of 15000+200000
 29610 words of font info for 100 fonts, out of 3000000 for 9000
 14 hyphenation exceptions out of 8191
 27i,16n,24p,217b,308s stack positions out of 5000i,500n,10000p,200000b,50000s

Output written on adv1.dvi (30 pages, 176244 bytes).
